mode: atomic
github.com/parvpatel20/rate-limiter/internal/config/config.go:23.29,25.2 1 0
github.com/parvpatel20/rate-limiter/internal/config/config.go:27.51,28.19 1 0
github.com/parvpatel20/rate-limiter/internal/config/config.go:28.19,29.45 1 0
github.com/parvpatel20/rate-limiter/internal/config/config.go:29.45,30.49 1 0
github.com/parvpatel20/rate-limiter/internal/config/config.go:30.49,32.5 1 0
github.com/parvpatel20/rate-limiter/internal/config/config.go:36.2,45.24 2 0
github.com/parvpatel20/rate-limiter/internal/config/config.go:45.24,47.3 1 0
github.com/parvpatel20/rate-limiter/internal/config/config.go:48.2,48.28 1 0
github.com/parvpatel20/rate-limiter/internal/config/config.go:48.28,50.3 1 0
github.com/parvpatel20/rate-limiter/internal/config/config.go:51.2,51.20 1 0
github.com/parvpatel20/rate-limiter/internal/config/config.go:51.20,53.3 1 0
github.com/parvpatel20/rate-limiter/internal/config/config.go:54.2,54.27 1 0
github.com/parvpatel20/rate-limiter/internal/config/config.go:54.27,56.3 1 0
github.com/parvpatel20/rate-limiter/internal/config/config.go:57.2,57.62 1 0
github.com/parvpatel20/rate-limiter/internal/config/config.go:57.62,59.3 1 0
github.com/parvpatel20/rate-limiter/internal/config/config.go:60.2,60.22 1 0
github.com/parvpatel20/rate-limiter/internal/config/config.go:60.22,62.3 1 0
github.com/parvpatel20/rate-limiter/internal/config/config.go:64.2,64.17 1 0
github.com/parvpatel20/rate-limiter/internal/keybuild/http_builder.go:17.65,19.40 2 0
github.com/parvpatel20/rate-limiter/internal/keybuild/http_builder.go:19.40,21.3 1 0
github.com/parvpatel20/rate-limiter/internal/keybuild/http_builder.go:22.2,22.21 1 0
github.com/parvpatel20/rate-limiter/internal/keybuild/http_builder.go:22.21,25.3 2 0
github.com/parvpatel20/rate-limiter/internal/keybuild/http_builder.go:26.2,26.62 1 0
github.com/parvpatel20/rate-limiter/internal/keybuild/http_builder.go:29.74,31.20 2 0
github.com/parvpatel20/rate-limiter/internal/keybuild/http_builder.go:31.20,33.3 1 0
github.com/parvpatel20/rate-limiter/internal/keybuild/http_builder.go:36.2,38.17 3 0
github.com/parvpatel20/rate-limiter/internal/keybuild/http_builder.go:38.17,40.3 1 0
github.com/parvpatel20/rate-limiter/internal/keybuild/http_builder.go:42.2,43.42 2 0
github.com/parvpatel20/rate-limiter/internal/keybuild/http_builder.go:43.42,45.3 1 0
github.com/parvpatel20/rate-limiter/internal/keybuild/http_builder.go:47.2,53.8 1 0
github.com/parvpatel20/rate-limiter/internal/logging/logger.go:18.44,19.45 1 0
github.com/parvpatel20/rate-limiter/internal/logging/logger.go:19.45,21.3 1 0
github.com/parvpatel20/rate-limiter/internal/logging/logger.go:22.2,22.54 1 0
github.com/parvpatel20/rate-limiter/internal/logging/logger.go:25.94,30.2 4 0
github.com/parvpatel20/rate-limiter/internal/logging/logger.go:32.46,34.68 2 0
github.com/parvpatel20/rate-limiter/internal/logging/logger.go:34.68,36.3 1 0
github.com/parvpatel20/rate-limiter/internal/logging/logger.go:37.2,37.65 1 0
github.com/parvpatel20/rate-limiter/internal/logging/logger.go:37.65,39.3 1 0
github.com/parvpatel20/rate-limiter/internal/logging/logger.go:40.2,40.59 1 0
github.com/parvpatel20/rate-limiter/internal/logging/logger.go:40.59,42.3 1 0
github.com/parvpatel20/rate-limiter/internal/logging/logger.go:43.2,43.14 1 0
github.com/parvpatel20/rate-limiter/internal/http/admin.go:46.49,51.2 4 3
github.com/parvpatel20/rate-limiter/internal/http/admin.go:53.66,55.61 2 1000
github.com/parvpatel20/rate-limiter/internal/http/admin.go:55.61,58.3 2 0
github.com/parvpatel20/rate-limiter/internal/http/admin.go:59.2,61.9 3 1000
github.com/parvpatel20/rate-limiter/internal/http/admin.go:61.9,64.3 2 0
github.com/parvpatel20/rate-limiter/internal/http/admin.go:65.2,66.16 2 1000
github.com/parvpatel20/rate-limiter/internal/http/admin.go:66.16,69.3 2 0
github.com/parvpatel20/rate-limiter/internal/http/admin.go:71.2,73.16 3 1000
github.com/parvpatel20/rate-limiter/internal/http/admin.go:73.16,76.3 2 0
github.com/parvpatel20/rate-limiter/internal/http/admin.go:78.2,82.4 2 1000
github.com/parvpatel20/rate-limiter/internal/http/admin.go:85.78,87.20 2 1
github.com/parvpatel20/rate-limiter/internal/http/admin.go:87.20,90.3 2 0
github.com/parvpatel20/rate-limiter/internal/http/admin.go:92.2,93.9 2 1
github.com/parvpatel20/rate-limiter/internal/http/admin.go:93.9,96.3 2 0
github.com/parvpatel20/rate-limiter/internal/http/admin.go:97.2,100.24 4 1
github.com/parvpatel20/rate-limiter/internal/http/admin.go:100.24,101.125 1 3
github.com/parvpatel20/rate-limiter/internal/http/admin.go:101.125,103.4 1 3
github.com/parvpatel20/rate-limiter/internal/http/admin.go:105.2,105.38 1 1
github.com/parvpatel20/rate-limiter/internal/http/admin.go:105.38,105.74 1 2
github.com/parvpatel20/rate-limiter/internal/http/admin.go:107.2,111.4 2 1
github.com/parvpatel20/rate-limiter/internal/http/admin.go:114.69,116.61 2 2
github.com/parvpatel20/rate-limiter/internal/http/admin.go:116.61,119.3 2 0
github.com/parvpatel20/rate-limiter/internal/http/admin.go:120.2,120.57 1 2
github.com/parvpatel20/rate-limiter/internal/http/admin.go:120.57,123.3 2 1
github.com/parvpatel20/rate-limiter/internal/http/admin.go:125.2,133.9 3 1
github.com/parvpatel20/rate-limiter/internal/http/admin.go:133.9,136.3 2 0
github.com/parvpatel20/rate-limiter/internal/http/admin.go:138.2,147.4 4 1
github.com/parvpatel20/rate-limiter/internal/http/admin.go:150.67,151.76 1 3
github.com/parvpatel20/rate-limiter/internal/http/admin.go:151.76,154.3 2 2
github.com/parvpatel20/rate-limiter/internal/http/admin.go:155.2,155.44 1 1
github.com/parvpatel20/rate-limiter/internal/http/admin.go:155.44,158.3 2 0
github.com/parvpatel20/rate-limiter/internal/http/admin.go:159.2,160.63 2 1
github.com/parvpatel20/rate-limiter/internal/http/admin.go:163.66,164.35 1 1000
github.com/parvpatel20/rate-limiter/internal/http/admin.go:164.35,165.30 1 0
github.com/parvpatel20/rate-limiter/internal/http/admin.go:165.30,167.4 1 0
github.com/parvpatel20/rate-limiter/internal/http/admin.go:168.3,168.24 1 0
github.com/parvpatel20/rate-limiter/internal/http/admin.go:170.2,170.23 1 1000
github.com/parvpatel20/rate-limiter/internal/http/admin.go:173.61,175.18 2 1001
github.com/parvpatel20/rate-limiter/internal/http/admin.go:175.18,177.3 1 0
github.com/parvpatel20/rate-limiter/internal/http/admin.go:178.2,179.17 2 1001
github.com/parvpatel20/rate-limiter/internal/http/admin.go:179.17,181.3 1 0
github.com/parvpatel20/rate-limiter/internal/http/admin.go:182.2,183.16 2 1001
github.com/parvpatel20/rate-limiter/internal/http/admin.go:183.16,185.3 1 0
github.com/parvpatel20/rate-limiter/internal/http/admin.go:186.2,192.3 1 1001
github.com/parvpatel20/rate-limiter/internal/http/admin.go:195.99,196.35 1 1
github.com/parvpatel20/rate-limiter/internal/http/admin.go:196.35,198.3 1 0
github.com/parvpatel20/rate-limiter/internal/http/admin.go:199.2,199.55 1 1
github.com/parvpatel20/rate-limiter/internal/http/admin.go:202.92,203.57 1 1
github.com/parvpatel20/rate-limiter/internal/http/admin.go:203.57,205.3 1 0
github.com/parvpatel20/rate-limiter/internal/http/admin.go:206.2,211.29 6 1
github.com/parvpatel20/rate-limiter/internal/http/admin.go:211.29,215.18 4 20
github.com/parvpatel20/rate-limiter/internal/http/admin.go:215.18,218.4 2 20
github.com/parvpatel20/rate-limiter/internal/http/admin.go:220.2,220.33 1 1
github.com/parvpatel20/rate-limiter/internal/http/admin.go:223.94,224.57 1 0
github.com/parvpatel20/rate-limiter/internal/http/admin.go:224.57,226.3 1 0
github.com/parvpatel20/rate-limiter/internal/http/admin.go:227.2,231.29 5 0
github.com/parvpatel20/rate-limiter/internal/http/admin.go:231.29,235.45 4 0
github.com/parvpatel20/rate-limiter/internal/http/admin.go:235.45,237.4 1 0
github.com/parvpatel20/rate-limiter/internal/http/admin.go:238.3,238.14 1 0
github.com/parvpatel20/rate-limiter/internal/http/admin.go:238.14,240.4 1 0
github.com/parvpatel20/rate-limiter/internal/http/admin.go:241.3,241.32 1 0
github.com/parvpatel20/rate-limiter/internal/http/admin.go:241.32,244.4 2 0
github.com/parvpatel20/rate-limiter/internal/http/admin.go:246.2,246.33 1 0
github.com/parvpatel20/rate-limiter/internal/http/admin.go:249.24,250.11 1 0
github.com/parvpatel20/rate-limiter/internal/http/admin.go:250.11,252.3 1 0
github.com/parvpatel20/rate-limiter/internal/http/admin.go:253.2,253.10 1 0
github.com/parvpatel20/rate-limiter/internal/http/middleware.go:33.173,35.16 2 4
github.com/parvpatel20/rate-limiter/internal/http/middleware.go:35.16,37.3 1 4
github.com/parvpatel20/rate-limiter/internal/http/middleware.go:38.2,38.19 1 4
github.com/parvpatel20/rate-limiter/internal/http/middleware.go:38.19,40.3 1 4
github.com/parvpatel20/rate-limiter/internal/http/middleware.go:41.2,50.3 1 4
github.com/parvpatel20/rate-limiter/internal/http/middleware.go:53.62,54.71 1 4
github.com/parvpatel20/rate-limiter/internal/http/middleware.go:54.71,57.17 3 4
github.com/parvpatel20/rate-limiter/internal/http/middleware.go:57.17,60.4 2 0
github.com/parvpatel20/rate-limiter/internal/http/middleware.go:61.3,62.20 2 4
github.com/parvpatel20/rate-limiter/internal/http/middleware.go:62.20,64.4 1 4
github.com/parvpatel20/rate-limiter/internal/http/middleware.go:65.3,68.10 3 4
github.com/parvpatel20/rate-limiter/internal/http/middleware.go:68.10,69.24 1 0
github.com/parvpatel20/rate-limiter/internal/http/middleware.go:69.24,72.5 2 0
github.com/parvpatel20/rate-limiter/internal/http/middleware.go:73.4,74.10 2 0
github.com/parvpatel20/rate-limiter/internal/http/middleware.go:76.3,76.23 1 4
github.com/parvpatel20/rate-limiter/internal/http/middleware.go:76.23,78.40 2 0
github.com/parvpatel20/rate-limiter/internal/http/middleware.go:78.40,80.5 1 0
github.com/parvpatel20/rate-limiter/internal/http/middleware.go:81.4,81.65 1 0
github.com/parvpatel20/rate-limiter/internal/http/middleware.go:84.3,85.27 2 4
github.com/parvpatel20/rate-limiter/internal/http/middleware.go:85.27,88.4 2 0
github.com/parvpatel20/rate-limiter/internal/http/middleware.go:90.3,94.17 4 4
github.com/parvpatel20/rate-limiter/internal/http/middleware.go:94.17,97.33 3 2
github.com/parvpatel20/rate-limiter/internal/http/middleware.go:97.33,99.25 2 1
github.com/parvpatel20/rate-limiter/internal/http/middleware.go:99.25,101.6 1 0
github.com/parvpatel20/rate-limiter/internal/http/middleware.go:102.5,103.11 2 1
github.com/parvpatel20/rate-limiter/internal/http/middleware.go:105.4,106.24 2 1
github.com/parvpatel20/rate-limiter/internal/http/middleware.go:106.24,108.5 1 0
github.com/parvpatel20/rate-limiter/internal/http/middleware.go:109.4,111.10 3 1
github.com/parvpatel20/rate-limiter/internal/http/middleware.go:114.3,115.19 2 2
github.com/parvpatel20/rate-limiter/internal/http/middleware.go:115.19,118.24 3 1
github.com/parvpatel20/rate-limiter/internal/http/middleware.go:118.24,120.5 1 0
github.com/parvpatel20/rate-limiter/internal/http/middleware.go:121.4,124.24 4 1
github.com/parvpatel20/rate-limiter/internal/http/middleware.go:124.24,126.5 1 0
github.com/parvpatel20/rate-limiter/internal/http/middleware.go:127.4,131.10 2 1
github.com/parvpatel20/rate-limiter/internal/http/middleware.go:134.3,134.23 1 1
github.com/parvpatel20/rate-limiter/internal/http/middleware.go:138.26,140.40 2 4
github.com/parvpatel20/rate-limiter/internal/http/middleware.go:140.40,142.3 1 0
github.com/parvpatel20/rate-limiter/internal/http/middleware.go:143.2,143.30 1 4
github.com/parvpatel20/rate-limiter/internal/http/middleware.go:146.70,147.35 1 4
github.com/parvpatel20/rate-limiter/internal/http/middleware.go:147.35,148.30 1 0
github.com/parvpatel20/rate-limiter/internal/http/middleware.go:148.30,150.4 1 0
github.com/parvpatel20/rate-limiter/internal/http/middleware.go:151.3,151.24 1 0
github.com/parvpatel20/rate-limiter/internal/http/middleware.go:153.2,153.23 1 4
github.com/parvpatel20/rate-limiter/internal/http/middleware.go:156.69,160.22 4 2
github.com/parvpatel20/rate-limiter/internal/http/middleware.go:160.22,162.3 1 0
github.com/parvpatel20/rate-limiter/internal/http/middleware.go:163.2,164.80 2 2
github.com/parvpatel20/rate-limiter/internal/http/ui.go:5.35,6.54 1 0
github.com/parvpatel20/rate-limiter/internal/http/ui.go:6.54,9.3 2 0
github.com/parvpatel20/rate-limiter/internal/metrics/metrics.go:21.46,59.2 4 1
github.com/parvpatel20/rate-limiter/internal/metrics/metrics.go:61.67,62.15 1 0
github.com/parvpatel20/rate-limiter/internal/metrics/metrics.go:63.27,64.31 1 0
github.com/parvpatel20/rate-limiter/internal/metrics/metrics.go:65.31,66.31 1 0
github.com/parvpatel20/rate-limiter/internal/metrics/metrics.go:67.10,68.31 1 0
github.com/parvpatel20/rate-limiter/internal/metrics/metrics.go:72.66,73.14 1 2
github.com/parvpatel20/rate-limiter/internal/metrics/metrics.go:73.14,75.3 1 0
github.com/parvpatel20/rate-limiter/internal/metrics/metrics.go:76.2,76.44 1 2
github.com/parvpatel20/rate-limiter/internal/metrics/metrics.go:84.129,88.16 4 2
github.com/parvpatel20/rate-limiter/internal/metrics/metrics.go:88.16,89.18 1 2
github.com/parvpatel20/rate-limiter/internal/metrics/metrics.go:89.18,91.4 1 1
github.com/parvpatel20/rate-limiter/internal/metrics/metrics.go:91.9,93.4 1 1
github.com/parvpatel20/rate-limiter/internal/metrics/metrics.go:95.2,96.17 2 2
github.com/parvpatel20/rate-limiter/internal/metrics/metrics.go:99.57,103.26 4 2
github.com/parvpatel20/rate-limiter/internal/metrics/metrics.go:103.26,104.38 1 10
github.com/parvpatel20/rate-limiter/internal/metrics/metrics.go:104.38,106.4 1 2
github.com/parvpatel20/rate-limiter/internal/metrics/metrics.go:107.3,107.37 1 10
github.com/parvpatel20/rate-limiter/internal/metrics/metrics.go:107.37,109.4 1 2
github.com/parvpatel20/rate-limiter/internal/metrics/metrics.go:111.2,111.18 1 2
github.com/parvpatel20/rate-limiter/internal/metrics/metrics.go:111.18,113.3 1 0
github.com/parvpatel20/rate-limiter/internal/metrics/metrics.go:114.2,114.17 1 2
github.com/parvpatel20/rate-limiter/internal/metrics/metrics.go:114.17,116.3 1 0
github.com/parvpatel20/rate-limiter/internal/metrics/metrics.go:117.2,117.22 1 2
github.com/parvpatel20/rate-limiter/internal/limiter/circuitbreaker.go:33.66,34.32 1 5
github.com/parvpatel20/rate-limiter/internal/limiter/circuitbreaker.go:34.32,36.3 1 3
github.com/parvpatel20/rate-limiter/internal/limiter/circuitbreaker.go:37.2,37.26 1 5
github.com/parvpatel20/rate-limiter/internal/limiter/circuitbreaker.go:37.26,39.3 1 3
github.com/parvpatel20/rate-limiter/internal/limiter/circuitbreaker.go:40.2,40.56 1 5
github.com/parvpatel20/rate-limiter/internal/limiter/circuitbreaker.go:44.47,49.18 4 67
github.com/parvpatel20/rate-limiter/internal/limiter/circuitbreaker.go:50.21,51.14 1 63
github.com/parvpatel20/rate-limiter/internal/limiter/circuitbreaker.go:52.19,53.49 1 4
github.com/parvpatel20/rate-limiter/internal/limiter/circuitbreaker.go:53.49,58.4 4 2
github.com/parvpatel20/rate-limiter/internal/limiter/circuitbreaker.go:59.3,59.15 1 2
github.com/parvpatel20/rate-limiter/internal/limiter/circuitbreaker.go:60.23,61.29 1 0
github.com/parvpatel20/rate-limiter/internal/limiter/circuitbreaker.go:61.29,63.4 1 0
github.com/parvpatel20/rate-limiter/internal/limiter/circuitbreaker.go:64.3,65.14 2 0
github.com/parvpatel20/rate-limiter/internal/limiter/circuitbreaker.go:66.10,67.14 1 0
github.com/parvpatel20/rate-limiter/internal/limiter/circuitbreaker.go:71.39,78.18 7 61
github.com/parvpatel20/rate-limiter/internal/limiter/circuitbreaker.go:78.18,80.3 1 1
github.com/parvpatel20/rate-limiter/internal/limiter/circuitbreaker.go:83.39,88.18 4 7
github.com/parvpatel20/rate-limiter/internal/limiter/circuitbreaker.go:89.21,91.57 2 6
github.com/parvpatel20/rate-limiter/internal/limiter/circuitbreaker.go:91.57,96.4 4 3
github.com/parvpatel20/rate-limiter/internal/limiter/circuitbreaker.go:97.23,101.23 4 1
github.com/parvpatel20/rate-limiter/internal/limiter/circuitbreaker.go:102.19,103.20 1 0
github.com/parvpatel20/rate-limiter/internal/limiter/circuitbreaker.go:107.48,111.2 3 8
github.com/parvpatel20/rate-limiter/internal/limiter/circuitbreaker.go:113.45,114.33 1 7
github.com/parvpatel20/rate-limiter/internal/limiter/circuitbreaker.go:114.33,116.3 1 0
github.com/parvpatel20/rate-limiter/internal/limiter/hybrid.go:32.97,33.32 1 4
github.com/parvpatel20/rate-limiter/internal/limiter/hybrid.go:33.32,35.3 1 4
github.com/parvpatel20/rate-limiter/internal/limiter/hybrid.go:36.2,36.23 1 4
github.com/parvpatel20/rate-limiter/internal/limiter/hybrid.go:36.23,38.3 1 4
github.com/parvpatel20/rate-limiter/internal/limiter/hybrid.go:39.2,44.3 1 4
github.com/parvpatel20/rate-limiter/internal/limiter/hybrid.go:47.115,49.16 2 77
github.com/parvpatel20/rate-limiter/internal/limiter/hybrid.go:49.16,51.3 1 0
github.com/parvpatel20/rate-limiter/internal/limiter/hybrid.go:53.2,53.99 1 77
github.com/parvpatel20/rate-limiter/internal/limiter/hybrid.go:53.99,54.35 1 14
github.com/parvpatel20/rate-limiter/internal/limiter/hybrid.go:54.35,56.4 1 0
github.com/parvpatel20/rate-limiter/internal/limiter/hybrid.go:57.3,57.23 1 14
github.com/parvpatel20/rate-limiter/internal/limiter/hybrid.go:59.2,59.34 1 63
github.com/parvpatel20/rate-limiter/internal/limiter/hybrid.go:59.34,61.3 1 0
github.com/parvpatel20/rate-limiter/internal/limiter/hybrid.go:63.2,63.26 1 63
github.com/parvpatel20/rate-limiter/internal/limiter/hybrid.go:63.26,64.21 1 1
github.com/parvpatel20/rate-limiter/internal/limiter/hybrid.go:64.21,65.36 1 1
github.com/parvpatel20/rate-limiter/internal/limiter/hybrid.go:65.36,67.5 1 0
github.com/parvpatel20/rate-limiter/internal/limiter/hybrid.go:68.4,68.24 1 1
github.com/parvpatel20/rate-limiter/internal/limiter/hybrid.go:70.3,70.39 1 0
github.com/parvpatel20/rate-limiter/internal/limiter/hybrid.go:73.2,76.34 4 62
github.com/parvpatel20/rate-limiter/internal/limiter/hybrid.go:76.34,78.3 1 0
github.com/parvpatel20/rate-limiter/internal/limiter/hybrid.go:79.2,79.16 1 62
github.com/parvpatel20/rate-limiter/internal/limiter/hybrid.go:79.16,82.21 3 2
github.com/parvpatel20/rate-limiter/internal/limiter/hybrid.go:82.21,83.36 1 2
github.com/parvpatel20/rate-limiter/internal/limiter/hybrid.go:83.36,85.5 1 0
github.com/parvpatel20/rate-limiter/internal/limiter/hybrid.go:86.4,86.24 1 2
github.com/parvpatel20/rate-limiter/internal/limiter/hybrid.go:88.3,88.68 1 0
github.com/parvpatel20/rate-limiter/internal/limiter/hybrid.go:91.2,100.8 3 60
github.com/parvpatel20/rate-limiter/internal/limiter/hybrid.go:103.53,105.2 1 1
github.com/parvpatel20/rate-limiter/internal/limiter/hybrid.go:107.92,108.16 1 60
github.com/parvpatel20/rate-limiter/internal/limiter/hybrid.go:108.16,110.3 1 0
github.com/parvpatel20/rate-limiter/internal/limiter/hybrid.go:112.2,118.9 6 60
github.com/parvpatel20/rate-limiter/internal/limiter/hybrid.go:118.9,121.3 2 0
github.com/parvpatel20/rate-limiter/internal/limiter/hybrid.go:123.2,124.16 2 60
github.com/parvpatel20/rate-limiter/internal/limiter/hybrid.go:124.16,126.3 1 0
github.com/parvpatel20/rate-limiter/internal/limiter/hybrid.go:127.2,127.29 1 60
github.com/parvpatel20/rate-limiter/internal/limiter/hybrid.go:127.29,129.3 1 0
github.com/parvpatel20/rate-limiter/internal/limiter/hybrid.go:130.2,130.49 1 60
github.com/parvpatel20/rate-limiter/internal/limiter/hybrid.go:130.49,132.3 1 0
github.com/parvpatel20/rate-limiter/internal/limiter/hybrid.go:134.2,136.20 3 60
github.com/parvpatel20/rate-limiter/internal/limiter/limiter.go:19.34,33.2 13 0
github.com/parvpatel20/rate-limiter/internal/limiter/slidingwindow.go:26.50,28.27 2 3
github.com/parvpatel20/rate-limiter/internal/limiter/slidingwindow.go:28.27,30.3 1 768
github.com/parvpatel20/rate-limiter/internal/limiter/slidingwindow.go:31.2,31.11 1 3
github.com/parvpatel20/rate-limiter/internal/limiter/slidingwindow.go:34.121,35.9 1 107
github.com/parvpatel20/rate-limiter/internal/limiter/slidingwindow.go:36.20,37.29 1 0
github.com/parvpatel20/rate-limiter/internal/limiter/slidingwindow.go:38.10,38.10 0 107
github.com/parvpatel20/rate-limiter/internal/limiter/slidingwindow.go:41.2,42.31 2 107
github.com/parvpatel20/rate-limiter/internal/limiter/slidingwindow.go:42.31,44.3 1 0
github.com/parvpatel20/rate-limiter/internal/limiter/slidingwindow.go:46.2,51.9 5 107
github.com/parvpatel20/rate-limiter/internal/limiter/slidingwindow.go:51.9,54.3 2 3
github.com/parvpatel20/rate-limiter/internal/limiter/slidingwindow.go:55.2,59.84 4 107
github.com/parvpatel20/rate-limiter/internal/limiter/slidingwindow.go:59.84,61.3 1 1
github.com/parvpatel20/rate-limiter/internal/limiter/slidingwindow.go:62.2,62.18 1 107
github.com/parvpatel20/rate-limiter/internal/limiter/slidingwindow.go:62.18,64.3 1 1
github.com/parvpatel20/rate-limiter/internal/limiter/slidingwindow.go:66.2,67.21 2 107
github.com/parvpatel20/rate-limiter/internal/limiter/slidingwindow.go:67.21,71.32 4 55
github.com/parvpatel20/rate-limiter/internal/limiter/slidingwindow.go:71.32,73.4 1 55
github.com/parvpatel20/rate-limiter/internal/limiter/slidingwindow.go:74.3,74.90 1 55
github.com/parvpatel20/rate-limiter/internal/limiter/slidingwindow.go:77.2,79.20 3 52
github.com/parvpatel20/rate-limiter/internal/limiter/slidingwindow.go:79.20,81.3 1 0
github.com/parvpatel20/rate-limiter/internal/limiter/slidingwindow.go:82.2,88.8 1 52
github.com/parvpatel20/rate-limiter/internal/limiter/slidingwindow.go:93.43,97.2 3 107
github.com/parvpatel20/rate-limiter/internal/limiter/tokenbucket.go:28.46,30.27 2 7
github.com/parvpatel20/rate-limiter/internal/limiter/tokenbucket.go:30.27,32.3 1 1792
github.com/parvpatel20/rate-limiter/internal/limiter/tokenbucket.go:33.2,33.11 1 7
github.com/parvpatel20/rate-limiter/internal/limiter/tokenbucket.go:36.119,37.9 1 139
github.com/parvpatel20/rate-limiter/internal/limiter/tokenbucket.go:38.20,39.29 1 0
github.com/parvpatel20/rate-limiter/internal/limiter/tokenbucket.go:40.10,40.10 0 139
github.com/parvpatel20/rate-limiter/internal/limiter/tokenbucket.go:43.2,44.31 2 139
github.com/parvpatel20/rate-limiter/internal/limiter/tokenbucket.go:44.31,52.3 1 0
github.com/parvpatel20/rate-limiter/internal/limiter/tokenbucket.go:54.2,55.24 2 139
github.com/parvpatel20/rate-limiter/internal/limiter/tokenbucket.go:55.24,57.3 1 0
github.com/parvpatel20/rate-limiter/internal/limiter/tokenbucket.go:59.2,64.9 5 139
github.com/parvpatel20/rate-limiter/internal/limiter/tokenbucket.go:64.9,71.3 2 7
github.com/parvpatel20/rate-limiter/internal/limiter/tokenbucket.go:73.2,74.17 2 139
github.com/parvpatel20/rate-limiter/internal/limiter/tokenbucket.go:74.17,76.32 2 132
github.com/parvpatel20/rate-limiter/internal/limiter/tokenbucket.go:76.32,78.4 1 0
github.com/parvpatel20/rate-limiter/internal/limiter/tokenbucket.go:79.3,79.21 1 132
github.com/parvpatel20/rate-limiter/internal/limiter/tokenbucket.go:81.2,83.19 2 139
github.com/parvpatel20/rate-limiter/internal/limiter/tokenbucket.go:83.19,93.3 4 123
github.com/parvpatel20/rate-limiter/internal/limiter/tokenbucket.go:95.2,96.20 2 16
github.com/parvpatel20/rate-limiter/internal/limiter/tokenbucket.go:96.20,98.3 1 0
github.com/parvpatel20/rate-limiter/internal/limiter/tokenbucket.go:99.2,105.8 1 16
github.com/parvpatel20/rate-limiter/internal/limiter/tokenbucket.go:109.62,111.2 1 0
github.com/parvpatel20/rate-limiter/internal/limiter/tokenbucket.go:114.78,118.27 4 0
github.com/parvpatel20/rate-limiter/internal/limiter/tokenbucket.go:118.27,121.37 3 0
github.com/parvpatel20/rate-limiter/internal/limiter/tokenbucket.go:121.37,122.35 1 0
github.com/parvpatel20/rate-limiter/internal/limiter/tokenbucket.go:122.35,125.5 2 0
github.com/parvpatel20/rate-limiter/internal/limiter/tokenbucket.go:127.3,128.20 2 0
github.com/parvpatel20/rate-limiter/internal/limiter/tokenbucket.go:130.2,130.27 1 0
github.com/parvpatel20/rate-limiter/internal/limiter/tokenbucket.go:133.46,135.27 2 0
github.com/parvpatel20/rate-limiter/internal/limiter/tokenbucket.go:135.27,140.3 4 0
github.com/parvpatel20/rate-limiter/internal/limiter/tokenbucket.go:141.2,141.14 1 0
github.com/parvpatel20/rate-limiter/internal/limiter/tokenbucket.go:144.36,148.2 3 199
github.com/parvpatel20/rate-limiter/internal/policy/matcher.go:8.45,10.21 2 8
github.com/parvpatel20/rate-limiter/internal/policy/matcher.go:10.21,12.3 1 0
github.com/parvpatel20/rate-limiter/internal/policy/matcher.go:14.2,15.25 2 8
github.com/parvpatel20/rate-limiter/internal/policy/matcher.go:15.25,16.14 1 56
github.com/parvpatel20/rate-limiter/internal/policy/matcher.go:16.14,18.4 1 0
github.com/parvpatel20/rate-limiter/internal/policy/matcher.go:19.3,19.39 1 56
github.com/parvpatel20/rate-limiter/internal/policy/matcher.go:19.39,20.21 1 168
github.com/parvpatel20/rate-limiter/internal/policy/matcher.go:20.21,22.5 1 0
github.com/parvpatel20/rate-limiter/internal/policy/matcher.go:24.3,24.37 1 56
github.com/parvpatel20/rate-limiter/internal/policy/matcher.go:27.2,31.35 5 8
github.com/parvpatel20/rate-limiter/internal/policy/matcher.go:31.35,33.3 1 8
github.com/parvpatel20/rate-limiter/internal/policy/matcher.go:34.2,34.39 1 8
github.com/parvpatel20/rate-limiter/internal/policy/matcher.go:34.39,36.3 1 8
github.com/parvpatel20/rate-limiter/internal/policy/matcher.go:37.2,39.19 2 8
github.com/parvpatel20/rate-limiter/internal/policy/matcher.go:43.84,44.51 1 8
github.com/parvpatel20/rate-limiter/internal/policy/matcher.go:44.51,45.39 1 35
github.com/parvpatel20/rate-limiter/internal/policy/matcher.go:45.39,47.4 1 7
github.com/parvpatel20/rate-limiter/internal/policy/matcher.go:49.2,49.24 1 1
github.com/parvpatel20/rate-limiter/internal/policy/matcher.go:52.45,55.31 3 8
github.com/parvpatel20/rate-limiter/internal/policy/matcher.go:55.31,56.16 1 40
github.com/parvpatel20/rate-limiter/internal/policy/matcher.go:56.16,57.12 1 0
github.com/parvpatel20/rate-limiter/internal/policy/matcher.go:59.3,60.19 2 40
github.com/parvpatel20/rate-limiter/internal/policy/matcher.go:60.19,61.12 1 0
github.com/parvpatel20/rate-limiter/internal/policy/matcher.go:63.3,63.42 1 40
github.com/parvpatel20/rate-limiter/internal/policy/matcher.go:65.2,65.14 1 8
github.com/parvpatel20/rate-limiter/internal/policy/matcher.go:68.60,70.37 2 32
github.com/parvpatel20/rate-limiter/internal/policy/matcher.go:70.37,71.28 1 160
github.com/parvpatel20/rate-limiter/internal/policy/matcher.go:71.28,72.12 1 24
github.com/parvpatel20/rate-limiter/internal/policy/matcher.go:74.3,75.10 2 136
github.com/parvpatel20/rate-limiter/internal/policy/matcher.go:75.10,77.4 1 0
github.com/parvpatel20/rate-limiter/internal/policy/matcher.go:78.3,78.36 1 136
github.com/parvpatel20/rate-limiter/internal/policy/matcher.go:80.2,80.19 1 32
github.com/parvpatel20/rate-limiter/internal/policy/matcher.go:80.19,82.3 1 0
github.com/parvpatel20/rate-limiter/internal/policy/matcher.go:83.2,83.31 1 32
github.com/parvpatel20/rate-limiter/internal/policy/matcher.go:86.51,87.29 1 160
github.com/parvpatel20/rate-limiter/internal/policy/matcher.go:87.29,88.21 1 456
github.com/parvpatel20/rate-limiter/internal/policy/matcher.go:88.21,90.4 1 136
github.com/parvpatel20/rate-limiter/internal/policy/matcher.go:92.2,92.14 1 24
github.com/parvpatel20/rate-limiter/internal/policy/yaml_store.go:23.37,27.31 4 0
github.com/parvpatel20/rate-limiter/internal/policy/yaml_store.go:27.31,29.3 1 0
github.com/parvpatel20/rate-limiter/internal/policy/yaml_store.go:30.2,30.12 1 0
github.com/parvpatel20/rate-limiter/internal/policy/yaml_store.go:33.52,38.35 2 0
github.com/parvpatel20/rate-limiter/internal/policy/yaml_store.go:38.35,40.3 1 0
github.com/parvpatel20/rate-limiter/internal/policy/yaml_store.go:41.2,41.15 1 0
github.com/parvpatel20/rate-limiter/internal/policy/yaml_store.go:44.56,48.2 3 0
github.com/parvpatel20/rate-limiter/internal/policy/yaml_store.go:50.36,52.16 2 0
github.com/parvpatel20/rate-limiter/internal/policy/yaml_store.go:52.16,54.3 1 0
github.com/parvpatel20/rate-limiter/internal/policy/yaml_store.go:56.2,57.51 2 0
github.com/parvpatel20/rate-limiter/internal/policy/yaml_store.go:57.51,59.3 1 0
github.com/parvpatel20/rate-limiter/internal/policy/yaml_store.go:61.2,62.34 2 0
github.com/parvpatel20/rate-limiter/internal/policy/yaml_store.go:62.34,63.25 1 0
github.com/parvpatel20/rate-limiter/internal/policy/yaml_store.go:63.25,65.4 1 0
github.com/parvpatel20/rate-limiter/internal/policy/yaml_store.go:66.3,66.19 1 0
github.com/parvpatel20/rate-limiter/internal/policy/yaml_store.go:66.19,68.4 1 0
github.com/parvpatel20/rate-limiter/internal/policy/yaml_store.go:69.3,69.27 1 0
github.com/parvpatel20/rate-limiter/internal/policy/yaml_store.go:69.27,71.4 1 0
github.com/parvpatel20/rate-limiter/internal/policy/yaml_store.go:72.3,72.71 1 0
github.com/parvpatel20/rate-limiter/internal/policy/yaml_store.go:72.71,74.4 1 0
github.com/parvpatel20/rate-limiter/internal/policy/yaml_store.go:75.3,75.25 1 0
github.com/parvpatel20/rate-limiter/internal/policy/yaml_store.go:78.2,81.12 4 0
github.com/parvpatel20/rate-limiter/internal/store/memory_store.go:26.36,31.2 1 0
github.com/parvpatel20/rate-limiter/internal/store/memory_store.go:33.114,34.9 1 0
github.com/parvpatel20/rate-limiter/internal/store/memory_store.go:35.20,36.22 1 0
github.com/parvpatel20/rate-limiter/internal/store/memory_store.go:37.10,37.10 0 0
github.com/parvpatel20/rate-limiter/internal/store/memory_store.go:40.2,45.41 5 0
github.com/parvpatel20/rate-limiter/internal/store/memory_store.go:45.41,48.3 2 0
github.com/parvpatel20/rate-limiter/internal/store/memory_store.go:49.2,50.27 2 0
github.com/parvpatel20/rate-limiter/internal/store/memory_store.go:53.116,54.9 1 0
github.com/parvpatel20/rate-limiter/internal/store/memory_store.go:55.20,56.29 1 0
github.com/parvpatel20/rate-limiter/internal/store/memory_store.go:57.10,57.10 0 0
github.com/parvpatel20/rate-limiter/internal/store/memory_store.go:60.2,61.29 2 0
github.com/parvpatel20/rate-limiter/internal/store/memory_store.go:61.29,63.3 1 0
github.com/parvpatel20/rate-limiter/internal/store/memory_store.go:65.2,69.9 4 0
github.com/parvpatel20/rate-limiter/internal/store/memory_store.go:69.9,72.3 2 0
github.com/parvpatel20/rate-limiter/internal/store/memory_store.go:74.2,75.24 2 0
github.com/parvpatel20/rate-limiter/internal/store/memory_store.go:75.24,77.32 2 0
github.com/parvpatel20/rate-limiter/internal/store/memory_store.go:77.32,79.4 1 0
github.com/parvpatel20/rate-limiter/internal/store/memory_store.go:80.3,80.21 1 0
github.com/parvpatel20/rate-limiter/internal/store/memory_store.go:83.2,83.19 1 0
github.com/parvpatel20/rate-limiter/internal/store/memory_store.go:83.19,88.3 4 0
github.com/parvpatel20/rate-limiter/internal/store/memory_store.go:90.2,91.20 2 0
github.com/parvpatel20/rate-limiter/internal/store/memory_store.go:91.20,93.3 1 0
github.com/parvpatel20/rate-limiter/internal/store/memory_store.go:94.2,94.118 1 0
github.com/parvpatel20/rate-limiter/internal/store/memory_store.go:97.37,99.2 1 0
github.com/parvpatel20/rate-limiter/internal/store/redis_store.go:84.58,86.16 2 4
github.com/parvpatel20/rate-limiter/internal/store/redis_store.go:86.16,88.3 1 0
github.com/parvpatel20/rate-limiter/internal/store/redis_store.go:89.2,89.25 1 4
github.com/parvpatel20/rate-limiter/internal/store/redis_store.go:89.25,91.3 1 4
github.com/parvpatel20/rate-limiter/internal/store/redis_store.go:92.2,92.26 1 4
github.com/parvpatel20/rate-limiter/internal/store/redis_store.go:92.26,94.3 1 4
github.com/parvpatel20/rate-limiter/internal/store/redis_store.go:95.2,95.26 1 4
github.com/parvpatel20/rate-limiter/internal/store/redis_store.go:95.26,97.3 1 4
github.com/parvpatel20/rate-limiter/internal/store/redis_store.go:98.2,98.27 1 4
github.com/parvpatel20/rate-limiter/internal/store/redis_store.go:98.27,100.3 1 4
github.com/parvpatel20/rate-limiter/internal/store/redis_store.go:101.2,101.26 1 4
github.com/parvpatel20/rate-limiter/internal/store/redis_store.go:101.26,103.3 1 4
github.com/parvpatel20/rate-limiter/internal/store/redis_store.go:104.2,105.41 2 4
github.com/parvpatel20/rate-limiter/internal/store/redis_store.go:108.113,110.16 2 2
github.com/parvpatel20/rate-limiter/internal/store/redis_store.go:110.16,112.3 1 0
github.com/parvpatel20/rate-limiter/internal/store/redis_store.go:113.2,114.16 2 2
github.com/parvpatel20/rate-limiter/internal/store/redis_store.go:114.16,116.3 1 0
github.com/parvpatel20/rate-limiter/internal/store/redis_store.go:117.2,117.19 1 2
github.com/parvpatel20/rate-limiter/internal/store/redis_store.go:120.115,122.29 2 102
github.com/parvpatel20/rate-limiter/internal/store/redis_store.go:122.29,124.3 1 0
github.com/parvpatel20/rate-limiter/internal/store/redis_store.go:126.2,128.14 3 102
github.com/parvpatel20/rate-limiter/internal/store/redis_store.go:128.14,130.3 1 0
github.com/parvpatel20/rate-limiter/internal/store/redis_store.go:132.2,133.16 2 102
github.com/parvpatel20/rate-limiter/internal/store/redis_store.go:133.16,135.3 1 4
github.com/parvpatel20/rate-limiter/internal/store/redis_store.go:137.2,138.26 2 98
github.com/parvpatel20/rate-limiter/internal/store/redis_store.go:138.26,140.3 1 0
github.com/parvpatel20/rate-limiter/internal/store/redis_store.go:142.2,143.16 2 98
github.com/parvpatel20/rate-limiter/internal/store/redis_store.go:143.16,145.3 1 0
github.com/parvpatel20/rate-limiter/internal/store/redis_store.go:146.2,147.16 2 98
github.com/parvpatel20/rate-limiter/internal/store/redis_store.go:147.16,149.3 1 0
github.com/parvpatel20/rate-limiter/internal/store/redis_store.go:150.2,151.16 2 98
github.com/parvpatel20/rate-limiter/internal/store/redis_store.go:151.16,153.3 1 0
github.com/parvpatel20/rate-limiter/internal/store/redis_store.go:154.2,155.16 2 98
github.com/parvpatel20/rate-limiter/internal/store/redis_store.go:155.16,157.3 1 0
github.com/parvpatel20/rate-limiter/internal/store/redis_store.go:158.2,159.16 2 98
github.com/parvpatel20/rate-limiter/internal/store/redis_store.go:159.16,161.3 1 0
github.com/parvpatel20/rate-limiter/internal/store/redis_store.go:163.2,163.19 1 98
github.com/parvpatel20/rate-limiter/internal/store/redis_store.go:163.19,165.3 1 0
github.com/parvpatel20/rate-limiter/internal/store/redis_store.go:166.2,166.26 1 98
github.com/parvpatel20/rate-limiter/internal/store/redis_store.go:166.26,168.3 1 0
github.com/parvpatel20/rate-limiter/internal/store/redis_store.go:170.2,176.8 1 98
github.com/parvpatel20/rate-limiter/internal/store/redis_store.go:179.36,181.2 1 4
github.com/parvpatel20/rate-limiter/internal/store/redis_store.go:183.44,184.23 1 492
github.com/parvpatel20/rate-limiter/internal/store/redis_store.go:185.13,186.16 1 492
github.com/parvpatel20/rate-limiter/internal/store/redis_store.go:187.11,188.23 1 0
github.com/parvpatel20/rate-limiter/internal/store/redis_store.go:189.15,190.23 1 0
github.com/parvpatel20/rate-limiter/internal/store/redis_store.go:191.14,193.17 2 0
github.com/parvpatel20/rate-limiter/internal/store/redis_store.go:193.17,195.4 1 0
github.com/parvpatel20/rate-limiter/internal/store/redis_store.go:196.3,196.16 1 0
github.com/parvpatel20/rate-limiter/internal/store/redis_store.go:197.10,198.56 1 0
